<?xml version="1.0" encoding="UTF-8"?>
<!-- Generated by org.testng.reporters.JUnitReportReporter -->
<testsuite hostname="DESKTOP-FGIMT1D" failures="0" tests="1" name="com.skillio.dataproviders.DataProviders" time="0.891" errors="0" timestamp="2025-06-25T12:51:27 IST" skipped="0">
  <testcase classname="com.skillio.dataproviders.DataProviders" name="readExcel_3" time="0.891"/>
</testsuite> <!-- com.skillio.dataproviders.DataProviders -->
