<?xml version="1.0" encoding="UTF-8"?>
<!-- Generated by org.testng.reporters.JUnitReportReporter -->
<testsuite hostname="DESKTOP-FGIMT1D" failures="0" tests="7" name="com.frameworktests.MyTestCases" time="0.026" errors="0" timestamp="2025-06-13T12:40:41 IST" skipped="0">
  <testcase classname="com.frameworktests.MyTestCases" name="m1" time="0.002"/>
  <testcase classname="com.frameworktests.MyTestCases" name="m1" time="0.002"/>
  <testcase classname="com.frameworktests.MyTestCases" name="BeforeSuiteDemo" time="0.014"/>
  <testcase classname="com.frameworktests.MyTestCases" name="m1" time="0.003"/>
  <testcase classname="com.frameworktests.MyTestCases" name="m1" time="0.002"/>
  <testcase classname="com.frameworktests.MyTestCases" name="m1" time="0.001"/>
  <testcase classname="com.frameworktests.MyTestCases" name="m2" time="0.002"/>
</testsuite> <!-- com.frameworktests.MyTestCases -->
